<?xml version="1.0" encoding="UTF-8"?>
<coverage generated="1770647838006" clover="3.2.0">
  <project timestamp="1770647838006" name="All files">
    <metrics statements="139" coveredstatements="127" conditionals="41" coveredconditionals="33" methods="46" coveredmethods="41" elements="226" coveredelements="201" complexity="0" loc="139" ncloc="139" packages="11" files="29" classes="29"/>
    <package name="src">
      <metrics statements="7" coveredstatements="7" conditionals="0" coveredconditionals="0" methods="1" coveredmethods="1"/>
      <file name="app.ts" path="/Users/aungmyotun/Learning/NodeJs/festify-demo-api/fastify-demo-api/src/app.ts">
        <metrics statements="7" coveredstatements="7" conditionals="0" coveredconditionals="0" methods="1" coveredmethods="1"/>
        <line num="10" count="4" type="stmt"/>
        <line num="15" count="4" type="stmt"/>
        <line num="17" count="4" type="stmt"/>
        <line num="22" count="4" type="stmt"/>
        <line num="23" count="4" type="stmt"/>
        <line num="24" count="4" type="stmt"/>
        <line num="25" count="4" type="stmt"/>
      </file>
    </package>
    <package name="src.container">
      <metrics statements="4" coveredstatements="4" conditionals="0" coveredconditionals="0" methods="1" coveredmethods="1"/>
      <file name="container.ts" path="/Users/aungmyotun/Learning/NodeJs/festify-demo-api/fastify-demo-api/src/container/container.ts">
        <metrics statements="4" coveredstatements="4" conditionals="0" coveredconditionals="0" methods="1" coveredmethods="1"/>
        <line num="7" count="4" type="stmt"/>
        <line num="10" count="4" type="stmt"/>
        <line num="13" count="4" type="stmt"/>
        <line num="15" count="4" type="stmt"/>
      </file>
    </package>
    <package name="src.infra.config">
      <metrics statements="2" coveredstatements="2" conditionals="0" coveredconditionals="0" methods="0" coveredmethods="0"/>
      <file name="env.ts" path="/Users/aungmyotun/Learning/NodeJs/festify-demo-api/fastify-demo-api/src/infra/config/env.ts">
        <metrics statements="2" coveredstatements="2" conditionals="0" coveredconditionals="0" methods="0" coveredmethods="0"/>
        <line num="3" count="4" type="stmt"/>
        <line num="14" count="4" type="stmt"/>
      </file>
    </package>
    <package name="src.infra.dynamo">
      <metrics statements="2" coveredstatements="2" conditionals="0" coveredconditionals="0" methods="0" coveredmethods="0"/>
      <file name="dynamo.client.ts" path="/Users/aungmyotun/Learning/NodeJs/festify-demo-api/fastify-demo-api/src/infra/dynamo/dynamo.client.ts">
        <metrics statements="2" coveredstatements="2" conditionals="0" coveredconditionals="0" methods="0" coveredmethods="0"/>
        <line num="5" count="4" type="stmt"/>
        <line num="9" count="4" type="stmt"/>
      </file>
    </package>
    <package name="src.modules.user">
      <metrics statements="42" coveredstatements="41" conditionals="8" coveredconditionals="7" methods="12" coveredmethods="12"/>
      <file name="user.controller.ts" path="/Users/aungmyotun/Learning/NodeJs/festify-demo-api/fastify-demo-api/src/modules/user/user.controller.ts">
        <metrics statements="12" coveredstatements="12" conditionals="0" coveredconditionals="0" methods="3" coveredmethods="3"/>
        <line num="9" count="4" type="stmt"/>
        <line num="10" count="4" type="stmt"/>
        <line num="13" count="4" type="stmt"/>
        <line num="14" count="3" type="stmt"/>
        <line num="15" count="3" type="stmt"/>
        <line num="16" count="3" type="stmt"/>
        <line num="17" count="3" type="stmt"/>
        <line num="19" count="3" type="stmt"/>
        <line num="24" count="1" type="stmt"/>
        <line num="27" count="4" type="stmt"/>
        <line num="28" count="6" type="stmt"/>
        <line num="29" count="6" type="stmt"/>
      </file>
      <file name="user.module.ts" path="/Users/aungmyotun/Learning/NodeJs/festify-demo-api/fastify-demo-api/src/modules/user/user.module.ts">
        <metrics statements="3" coveredstatements="3" conditionals="0" coveredconditionals="0" methods="2" coveredmethods="2"/>
        <line num="10" count="4" type="stmt"/>
        <line num="12" count="4" type="stmt"/>
        <line num="13" count="4" type="stmt"/>
      </file>
      <file name="user.repository.ts" path="/Users/aungmyotun/Learning/NodeJs/festify-demo-api/fastify-demo-api/src/modules/user/user.repository.ts">
        <metrics statements="11" coveredstatements="10" conditionals="4" coveredconditionals="3" methods="3" coveredmethods="3"/>
        <line num="9" count="4" type="stmt"/>
        <line num="12" count="2" type="stmt"/>
        <line num="13" count="2" type="stmt"/>
        <line num="14" count="2" type="stmt"/>
        <line num="20" count="1" type="stmt"/>
        <line num="22" count="1" type="cond" truecount="1" falsecount="1"/>
        <line num="23" count="0" type="stmt"/>
        <line num="25" count="1" type="stmt"/>
        <line num="29" count="9" type="stmt"/>
        <line num="30" count="9" type="stmt"/>
        <line num="41" count="7" type="cond" truecount="2" falsecount="0"/>
      </file>
      <file name="user.route.ts" path="/Users/aungmyotun/Learning/NodeJs/festify-demo-api/fastify-demo-api/src/modules/user/user.route.ts">
        <metrics statements="2" coveredstatements="2" conditionals="0" coveredconditionals="0" methods="1" coveredmethods="1"/>
        <line num="11" count="4" type="stmt"/>
        <line num="25" count="4" type="stmt"/>
      </file>
      <file name="user.schema.ts" path="/Users/aungmyotun/Learning/NodeJs/festify-demo-api/fastify-demo-api/src/modules/user/user.schema.ts">
        <metrics statements="4" coveredstatements="4" conditionals="0" coveredconditionals="0" methods="0" coveredmethods="0"/>
        <line num="5" count="4" type="stmt"/>
        <line num="9" count="4" type="stmt"/>
        <line num="13" count="4" type="stmt"/>
        <line num="18" count="4" type="stmt"/>
      </file>
      <file name="user.service.ts" path="/Users/aungmyotun/Learning/NodeJs/festify-demo-api/fastify-demo-api/src/modules/user/user.service.ts">
        <metrics statements="10" coveredstatements="10" conditionals="4" coveredconditionals="4" methods="3" coveredmethods="3"/>
        <line num="6" count="4" type="stmt"/>
        <line num="9" count="3" type="stmt"/>
        <line num="10" count="3" type="cond" truecount="2" falsecount="0"/>
        <line num="11" count="1" type="stmt"/>
        <line num="14" count="2" type="stmt"/>
        <line num="20" count="2" type="stmt"/>
        <line num="24" count="6" type="stmt"/>
        <line num="25" count="4" type="cond" truecount="2" falsecount="0"/>
        <line num="26" count="2" type="stmt"/>
        <line num="28" count="2" type="stmt"/>
      </file>
      <file name="user.types.ts" path="/Users/aungmyotun/Learning/NodeJs/festify-demo-api/fastify-demo-api/src/modules/user/user.types.ts">
        <metrics statements="0" coveredstatements="0" conditionals="0" coveredconditionals="0" methods="0" coveredmethods="0"/>
      </file>
    </package>
    <package name="src.plugins">
      <metrics statements="30" coveredstatements="27" conditionals="18" coveredconditionals="15" methods="8" coveredmethods="8"/>
      <file name="auth.ts" path="/Users/aungmyotun/Learning/NodeJs/festify-demo-api/fastify-demo-api/src/plugins/auth.ts">
        <metrics statements="13" coveredstatements="12" conditionals="8" coveredconditionals="7" methods="2" coveredmethods="2"/>
        <line num="5" count="4" type="stmt"/>
        <line num="7" count="4" type="stmt"/>
        <line num="8" count="4" type="stmt"/>
        <line num="10" count="4" type="stmt"/>
        <line num="11" count="17" type="cond" truecount="1" falsecount="1"/>
        <line num="12" count="0" type="stmt"/>
        <line num="14" count="17" type="stmt"/>
        <line num="15" count="17" type="cond" truecount="2" falsecount="0"/>
        <line num="16" count="5" type="stmt"/>
        <line num="19" count="12" type="stmt"/>
        <line num="21" count="12" type="cond" truecount="4" falsecount="0"/>
        <line num="22" count="3" type="stmt"/>
        <line num="25" count="9" type="stmt"/>
      </file>
      <file name="error-handler.ts" path="/Users/aungmyotun/Learning/NodeJs/festify-demo-api/fastify-demo-api/src/plugins/error-handler.ts">
        <metrics statements="9" coveredstatements="9" conditionals="6" coveredconditionals="6" methods="2" coveredmethods="2"/>
        <line num="11" count="4" type="stmt"/>
        <line num="12" count="23" type="cond" truecount="4" falsecount="0"/>
        <line num="13" count="9" type="stmt"/>
        <line num="17" count="9" type="stmt"/>
        <line num="23" count="14" type="cond" truecount="2" falsecount="0"/>
        <line num="24" count="11" type="stmt"/>
        <line num="30" count="3" type="stmt"/>
        <line num="31" count="3" type="stmt"/>
        <line num="32" count="3" type="stmt"/>
      </file>
      <file name="require-role.ts" path="/Users/aungmyotun/Learning/NodeJs/festify-demo-api/fastify-demo-api/src/plugins/require-role.ts">
        <metrics statements="6" coveredstatements="4" conditionals="4" coveredconditionals="2" methods="3" coveredmethods="3"/>
        <line num="5" count="4" type="stmt"/>
        <line num="7" count="4" type="stmt"/>
        <line num="8" count="9" type="cond" truecount="1" falsecount="1"/>
        <line num="9" count="0" type="stmt"/>
        <line num="12" count="9" type="cond" truecount="1" falsecount="1"/>
        <line num="13" count="0" type="stmt"/>
      </file>
      <file name="zod.ts" path="/Users/aungmyotun/Learning/NodeJs/festify-demo-api/fastify-demo-api/src/plugins/zod.ts">
        <metrics statements="2" coveredstatements="2" conditionals="0" coveredconditionals="0" methods="1" coveredmethods="1"/>
        <line num="8" count="4" type="stmt"/>
        <line num="9" count="4" type="stmt"/>
      </file>
    </package>
    <package name="src.shared">
      <metrics statements="8" coveredstatements="4" conditionals="0" coveredconditionals="0" methods="8" coveredmethods="4"/>
      <file name="base.controller.ts" path="/Users/aungmyotun/Learning/NodeJs/festify-demo-api/fastify-demo-api/src/shared/base.controller.ts">
        <metrics statements="8" coveredstatements="4" conditionals="0" coveredconditionals="0" methods="8" coveredmethods="4"/>
        <line num="7" count="8" type="stmt"/>
        <line num="8" count="9" type="stmt"/>
        <line num="13" count="1" type="stmt"/>
        <line num="17" count="2" type="stmt"/>
        <line num="21" count="0" type="stmt"/>
        <line num="25" count="0" type="stmt"/>
        <line num="29" count="0" type="stmt"/>
        <line num="33" count="0" type="stmt"/>
      </file>
    </package>
    <package name="src.shared.errors">
      <metrics statements="37" coveredstatements="33" conditionals="15" coveredconditionals="11" methods="12" coveredmethods="11"/>
      <file name="authorization-error.ts" path="/Users/aungmyotun/Learning/NodeJs/festify-demo-api/fastify-demo-api/src/shared/errors/authorization-error.ts">
        <metrics statements="4" coveredstatements="4" conditionals="1" coveredconditionals="1" methods="1" coveredmethods="1"/>
        <line num="4" count="8" type="stmt"/>
        <line num="5" count="8" type="stmt"/>
        <line num="6" count="8" type="stmt"/>
        <line num="9" count="8" type="stmt"/>
      </file>
      <file name="conflict.error.ts" path="/Users/aungmyotun/Learning/NodeJs/festify-demo-api/fastify-demo-api/src/shared/errors/conflict.error.ts">
        <metrics statements="4" coveredstatements="4" conditionals="1" coveredconditionals="1" methods="1" coveredmethods="1"/>
        <line num="4" count="1" type="stmt"/>
        <line num="5" count="1" type="stmt"/>
        <line num="6" count="1" type="stmt"/>
        <line num="10" count="1" type="stmt"/>
      </file>
      <file name="forbidden-error.ts" path="/Users/aungmyotun/Learning/NodeJs/festify-demo-api/fastify-demo-api/src/shared/errors/forbidden-error.ts">
        <metrics statements="4" coveredstatements="0" conditionals="1" coveredconditionals="0" methods="1" coveredmethods="0"/>
        <line num="4" count="0" type="stmt"/>
        <line num="5" count="0" type="stmt"/>
        <line num="6" count="0" type="stmt"/>
        <line num="9" count="0" type="stmt"/>
      </file>
      <file name="http-error.ts" path="/Users/aungmyotun/Learning/NodeJs/festify-demo-api/fastify-demo-api/src/shared/errors/http-error.ts">
        <metrics statements="3" coveredstatements="3" conditionals="0" coveredconditionals="0" methods="2" coveredmethods="2"/>
        <line num="16" count="23" type="stmt"/>
        <line num="17" count="23" type="stmt"/>
        <line num="21" count="23" type="stmt"/>
      </file>
      <file name="index.ts" path="/Users/aungmyotun/Learning/NodeJs/festify-demo-api/fastify-demo-api/src/shared/errors/index.ts">
        <metrics statements="0" coveredstatements="0" conditionals="0" coveredconditionals="0" methods="0" coveredmethods="0"/>
      </file>
      <file name="internal-server-error.ts" path="/Users/aungmyotun/Learning/NodeJs/festify-demo-api/fastify-demo-api/src/shared/errors/internal-server-error.ts">
        <metrics statements="4" coveredstatements="4" conditionals="1" coveredconditionals="1" methods="1" coveredmethods="1"/>
        <line num="4" count="3" type="stmt"/>
        <line num="5" count="3" type="stmt"/>
        <line num="6" count="3" type="stmt"/>
        <line num="11" count="3" type="stmt"/>
      </file>
      <file name="not-found.error.ts" path="/Users/aungmyotun/Learning/NodeJs/festify-demo-api/fastify-demo-api/src/shared/errors/not-found.error.ts">
        <metrics statements="4" coveredstatements="4" conditionals="1" coveredconditionals="1" methods="1" coveredmethods="1"/>
        <line num="4" count="2" type="stmt"/>
        <line num="5" count="2" type="stmt"/>
        <line num="6" count="2" type="stmt"/>
        <line num="9" count="2" type="stmt"/>
      </file>
      <file name="validation-error.ts" path="/Users/aungmyotun/Learning/NodeJs/festify-demo-api/fastify-demo-api/src/shared/errors/validation-error.ts">
        <metrics statements="14" coveredstatements="14" conditionals="10" coveredconditionals="7" methods="5" coveredmethods="5"/>
        <line num="10" count="23" type="cond" truecount="3" falsecount="0"/>
        <line num="14" count="10" type="stmt"/>
        <line num="16" count="10" type="cond" truecount="3" falsecount="3"/>
        <line num="25" count="9" type="stmt"/>
        <line num="27" count="9" type="stmt"/>
        <line num="28" count="10" type="stmt"/>
        <line num="30" count="10" type="stmt"/>
        <line num="33" count="9" type="stmt"/>
        <line num="37" count="9" type="stmt"/>
        <line num="38" count="9" type="stmt"/>
        <line num="39" count="9" type="stmt"/>
        <line num="42" count="9" type="stmt"/>
        <line num="45" count="9" type="stmt"/>
        <line num="49" count="9" type="stmt"/>
      </file>
    </package>
    <package name="src.shared.types">
      <metrics statements="0" coveredstatements="0" conditionals="0" coveredconditionals="0" methods="0" coveredmethods="0"/>
      <file name="auth.ts" path="/Users/aungmyotun/Learning/NodeJs/festify-demo-api/fastify-demo-api/src/shared/types/auth.ts">
        <metrics statements="0" coveredstatements="0" conditionals="0" coveredconditionals="0" methods="0" coveredmethods="0"/>
      </file>
      <file name="repository.ts" path="/Users/aungmyotun/Learning/NodeJs/festify-demo-api/fastify-demo-api/src/shared/types/repository.ts">
        <metrics statements="0" coveredstatements="0" conditionals="0" coveredconditionals="0" methods="0" coveredmethods="0"/>
      </file>
    </package>
    <package name="src.shared.validators">
      <metrics statements="7" coveredstatements="7" conditionals="0" coveredconditionals="0" methods="4" coveredmethods="4"/>
      <file name="number.ts" path="/Users/aungmyotun/Learning/NodeJs/festify-demo-api/fastify-demo-api/src/shared/validators/number.ts">
        <metrics statements="2" coveredstatements="2" conditionals="0" coveredconditionals="0" methods="1" coveredmethods="1"/>
        <line num="3" count="4" type="stmt"/>
        <line num="4" count="4" type="stmt"/>
      </file>
      <file name="string.ts" path="/Users/aungmyotun/Learning/NodeJs/festify-demo-api/fastify-demo-api/src/shared/validators/string.ts">
        <metrics statements="5" coveredstatements="5" conditionals="0" coveredconditionals="0" methods="3" coveredmethods="3"/>
        <line num="3" count="4" type="stmt"/>
        <line num="4" count="8" type="stmt"/>
        <line num="8" count="4" type="stmt"/>
        <line num="9" count="4" type="stmt"/>
        <line num="13" count="4" type="stmt"/>
      </file>
    </package>
    <package name="src.types">
      <metrics statements="0" coveredstatements="0" conditionals="0" coveredconditionals="0" methods="0" coveredmethods="0"/>
      <file name="fastify.d.ts" path="/Users/aungmyotun/Learning/NodeJs/festify-demo-api/fastify-demo-api/src/types/fastify.d.ts">
        <metrics statements="0" coveredstatements="0" conditionals="0" coveredconditionals="0" methods="0" coveredmethods="0"/>
      </file>
    </package>
  </project>
</coverage>
