{"/Users/aungmyotun/Learning/NodeJs/festify-demo-api/fastify-demo-api/src/app.ts": {"path":"/Users/aungmyotun/Learning/NodeJs/festify-demo-api/fastify-demo-api/src/app.ts","statementMap":{"0":{"start":{"line":10,"column":8},"end":{"line":13,"column":null}},"1":{"start":{"line":15,"column":8},"end":{"line":15,"column":null}},"2":{"start":{"line":17,"column":2},"end":{"line":21,"column":null}},"3":{"start":{"line":22,"column":2},"end":{"line":22,"column":null}},"4":{"start":{"line":23,"column":2},"end":{"line":23,"column":null}},"5":{"start":{"line":24,"column":2},"end":{"line":24,"column":null}},"6":{"start":{"line":25,"column":2},"end":{"line":25,"column":null}}},"fnMap":{"0":{"name":"buildApp","decl":{"start":{"line":9,"column":16},"end":{"line":9,"column":27}},"loc":{"start":{"line":9,"column":27},"end":{"line":26,"column":null}},"line":9}},"branchMap":{},"s":{"0":4,"1":4,"2":4,"3":4,"4":4,"5":4,"6":4},"f":{"0":4},"b":{},"meta":{"lastBranch":0,"lastFunction":1,"lastStatement":7,"seen":{"f:9:16:9:27":0,"s:10:8:13:Infinity":0,"s:15:8:15:Infinity":1,"s:17:2:21:Infinity":2,"s:22:2:22:Infinity":3,"s:23:2:23:Infinity":4,"s:24:2:24:Infinity":5,"s:25:2:25:Infinity":6}}}
,"/Users/aungmyotun/Learning/NodeJs/festify-demo-api/fastify-demo-api/src/container/container.ts": {"path":"/Users/aungmyotun/Learning/NodeJs/festify-demo-api/fastify-demo-api/src/container/container.ts","statementMap":{"0":{"start":{"line":7,"column":25},"end":{"line":7,"column":null}},"1":{"start":{"line":10,"column":22},"end":{"line":10,"column":null}},"2":{"start":{"line":13,"column":25},"end":{"line":13,"column":null}},"3":{"start":{"line":15,"column":2},"end":{"line":17,"column":null}}},"fnMap":{"0":{"name":"createContainer","decl":{"start":{"line":5,"column":16},"end":{"line":5,"column":34}},"loc":{"start":{"line":5,"column":34},"end":{"line":18,"column":null}},"line":5}},"branchMap":{},"s":{"0":4,"1":4,"2":4,"3":4},"f":{"0":4},"b":{},"meta":{"lastBranch":0,"lastFunction":1,"lastStatement":4,"seen":{"f:5:16:5:34":0,"s:7:25:7:Infinity":0,"s:10:22:10:Infinity":1,"s:13:25:13:Infinity":2,"s:15:2:17:Infinity":3}}}
,"/Users/aungmyotun/Learning/NodeJs/festify-demo-api/fastify-demo-api/src/infra/config/env.ts": {"path":"/Users/aungmyotun/Learning/NodeJs/festify-demo-api/fastify-demo-api/src/infra/config/env.ts","statementMap":{"0":{"start":{"line":3,"column":18},"end":{"line":12,"column":null}},"1":{"start":{"line":14,"column":19},"end":{"line":18,"column":null}}},"fnMap":{},"branchMap":{},"s":{"0":4,"1":4},"f":{},"b":{},"meta":{"lastBranch":0,"lastFunction":0,"lastStatement":2,"seen":{"s:3:18:12:Infinity":0,"s:14:19:18:Infinity":1}}}
,"/Users/aungmyotun/Learning/NodeJs/festify-demo-api/fastify-demo-api/src/infra/dynamo/dynamo.client.ts": {"path":"/Users/aungmyotun/Learning/NodeJs/festify-demo-api/fastify-demo-api/src/infra/dynamo/dynamo.client.ts","statementMap":{"0":{"start":{"line":5,"column":15},"end":{"line":7,"column":null}},"1":{"start":{"line":9,"column":31},"end":{"line":9,"column":null}}},"fnMap":{},"branchMap":{},"s":{"0":4,"1":4},"f":{},"b":{},"meta":{"lastBranch":0,"lastFunction":0,"lastStatement":2,"seen":{"s:5:15:7:Infinity":0,"s:9:31:9:Infinity":1}}}
,"/Users/aungmyotun/Learning/NodeJs/festify-demo-api/fastify-demo-api/src/modules/user/user.controller.ts": {"path":"/Users/aungmyotun/Learning/NodeJs/festify-demo-api/fastify-demo-api/src/modules/user/user.controller.ts","statementMap":{"0":{"start":{"line":10,"column":4},"end":{"line":10,"column":null}},"1":{"start":{"line":9,"column":31},"end":{"line":9,"column":53}},"2":{"start":{"line":13,"column":2},"end":{"line":25,"column":null}},"3":{"start":{"line":14,"column":24},"end":{"line":14,"column":null}},"4":{"start":{"line":15,"column":19},"end":{"line":15,"column":null}},"5":{"start":{"line":16,"column":23},"end":{"line":16,"column":null}},"6":{"start":{"line":17,"column":17},"end":{"line":17,"column":null}},"7":{"start":{"line":19,"column":17},"end":{"line":23,"column":null}},"8":{"start":{"line":24,"column":4},"end":{"line":24,"column":null}},"9":{"start":{"line":27,"column":2},"end":{"line":30,"column":null}},"10":{"start":{"line":28,"column":19},"end":{"line":28,"column":null}},"11":{"start":{"line":29,"column":4},"end":{"line":29,"column":null}}},"fnMap":{"0":{"name":"(anonymous_0)","decl":{"start":{"line":9,"column":2},"end":{"line":9,"column":31}},"loc":{"start":{"line":9,"column":53},"end":{"line":11,"column":null}},"line":9},"1":{"name":"(anonymous_1)","decl":{"start":{"line":13,"column":23},"end":{"line":13,"column":30}},"loc":{"start":{"line":13,"column":49},"end":{"line":25,"column":3}},"line":13},"2":{"name":"(anonymous_2)","decl":{"start":{"line":27,"column":25},"end":{"line":27,"column":32}},"loc":{"start":{"line":27,"column":51},"end":{"line":30,"column":3}},"line":27}},"branchMap":{},"s":{"0":4,"1":4,"2":4,"3":3,"4":3,"5":3,"6":3,"7":3,"8":1,"9":4,"10":6,"11":6},"f":{"0":4,"1":3,"2":6},"b":{},"meta":{"lastBranch":0,"lastFunction":3,"lastStatement":12,"seen":{"f:9:2:9:31":0,"s:10:4:10:Infinity":0,"s:9:31:9:53":1,"s:13:2:25:Infinity":2,"f:13:23:13:30":1,"s:14:24:14:Infinity":3,"s:15:19:15:Infinity":4,"s:16:23:16:Infinity":5,"s:17:17:17:Infinity":6,"s:19:17:23:Infinity":7,"s:24:4:24:Infinity":8,"s:27:2:30:Infinity":9,"f:27:25:27:32":2,"s:28:19:28:Infinity":10,"s:29:4:29:Infinity":11}}}
,"/Users/aungmyotun/Learning/NodeJs/festify-demo-api/fastify-demo-api/src/modules/user/user.module.ts": {"path":"/Users/aungmyotun/Learning/NodeJs/festify-demo-api/fastify-demo-api/src/modules/user/user.module.ts","statementMap":{"0":{"start":{"line":10,"column":2},"end":{"line":16,"column":null}},"1":{"start":{"line":12,"column":6},"end":{"line":12,"column":null}},"2":{"start":{"line":13,"column":6},"end":{"line":13,"column":null}}},"fnMap":{"0":{"name":"userModule","decl":{"start":{"line":6,"column":22},"end":{"line":6,"column":null}},"loc":{"start":{"line":9,"column":2},"end":{"line":17,"column":null}},"line":9},"1":{"name":"(anonymous_1)","decl":{"start":{"line":11,"column":4},"end":{"line":11,"column":11}},"loc":{"start":{"line":11,"column":25},"end":{"line":14,"column":null}},"line":11}},"branchMap":{},"s":{"0":4,"1":4,"2":4},"f":{"0":4,"1":4},"b":{},"meta":{"lastBranch":0,"lastFunction":2,"lastStatement":3,"seen":{"f:6:22:6:Infinity":0,"s:10:2:16:Infinity":0,"f:11:4:11:11":1,"s:12:6:12:Infinity":1,"s:13:6:13:Infinity":2}}}
,"/Users/aungmyotun/Learning/NodeJs/festify-demo-api/fastify-demo-api/src/modules/user/user.repository.ts": {"path":"/Users/aungmyotun/Learning/NodeJs/festify-demo-api/fastify-demo-api/src/modules/user/user.repository.ts","statementMap":{"0":{"start":{"line":9,"column":2},"end":{"line":9,"column":null}},"1":{"start":{"line":12,"column":4},"end":{"line":12,"column":null}},"2":{"start":{"line":13,"column":4},"end":{"line":26,"column":null}},"3":{"start":{"line":14,"column":6},"end":{"line":19,"column":null}},"4":{"start":{"line":20,"column":6},"end":{"line":20,"column":null}},"5":{"start":{"line":22,"column":6},"end":{"line":24,"column":null}},"6":{"start":{"line":23,"column":8},"end":{"line":23,"column":null}},"7":{"start":{"line":25,"column":6},"end":{"line":25,"column":null}},"8":{"start":{"line":29,"column":4},"end":{"line":29,"column":null}},"9":{"start":{"line":30,"column":19},"end":{"line":39,"column":null}},"10":{"start":{"line":41,"column":4},"end":{"line":41,"column":null}}},"fnMap":{"0":{"name":"(anonymous_0)","decl":{"start":{"line":8,"column":7},"end":{"line":8,"column":13}},"loc":{"start":{"line":8,"column":7},"end":{"line":9,"column":null}},"line":8},"1":{"name":"(anonymous_1)","decl":{"start":{"line":11,"column":8},"end":{"line":11,"column":13}},"loc":{"start":{"line":11,"column":42},"end":{"line":27,"column":null}},"line":11},"2":{"name":"(anonymous_2)","decl":{"start":{"line":28,"column":8},"end":{"line":28,"column":17}},"loc":{"start":{"line":28,"column":51},"end":{"line":42,"column":null}},"line":28}},"branchMap":{"0":{"loc":{"start":{"line":22,"column":6},"end":{"line":24,"column":null}},"type":"if","locations":[{"start":{"line":22,"column":6},"end":{"line":24,"column":null}},{"start":{},"end":{}}],"line":22},"1":{"loc":{"start":{"line":41,"column":12},"end":{"line":41,"column":null}},"type":"binary-expr","locations":[{"start":{"line":41,"column":12},"end":{"line":41,"column":42}},{"start":{"line":41,"column":42},"end":{"line":41,"column":null}}],"line":41}},"s":{"0":4,"1":2,"2":2,"3":2,"4":1,"5":1,"6":0,"7":1,"8":9,"9":9,"10":7},"f":{"0":4,"1":2,"2":9},"b":{"0":[0,1],"1":[7,4]},"meta":{"lastBranch":2,"lastFunction":3,"lastStatement":11,"seen":{"f:8:7:8:13":0,"s:9:2:9:Infinity":0,"f:11:8:11:13":1,"s:12:4:12:Infinity":1,"s:13:4:26:Infinity":2,"s:14:6:19:Infinity":3,"s:20:6:20:Infinity":4,"b:22:6:24:Infinity:undefined:undefined:undefined:undefined":0,"s:22:6:24:Infinity":5,"s:23:8:23:Infinity":6,"s:25:6:25:Infinity":7,"f:28:8:28:17":2,"s:29:4:29:Infinity":8,"s:30:19:39:Infinity":9,"s:41:4:41:Infinity":10,"b:41:12:41:42:41:42:41:Infinity":1}}}
,"/Users/aungmyotun/Learning/NodeJs/festify-demo-api/fastify-demo-api/src/modules/user/user.route.ts": {"path":"/Users/aungmyotun/Learning/NodeJs/festify-demo-api/fastify-demo-api/src/modules/user/user.route.ts","statementMap":{"0":{"start":{"line":11,"column":2},"end":{"line":24,"column":null}},"1":{"start":{"line":25,"column":2},"end":{"line":36,"column":null}}},"fnMap":{"0":{"name":"userRoutes","decl":{"start":{"line":10,"column":22},"end":{"line":10,"column":33}},"loc":{"start":{"line":10,"column":76},"end":{"line":37,"column":null}},"line":10}},"branchMap":{},"s":{"0":4,"1":4},"f":{"0":4},"b":{},"meta":{"lastBranch":0,"lastFunction":1,"lastStatement":2,"seen":{"f:10:22:10:33":0,"s:11:2:24:Infinity":0,"s:25:2:36:Infinity":1}}}
,"/Users/aungmyotun/Learning/NodeJs/festify-demo-api/fastify-demo-api/src/modules/user/user.schema.ts": {"path":"/Users/aungmyotun/Learning/NodeJs/festify-demo-api/fastify-demo-api/src/modules/user/user.schema.ts","statementMap":{"0":{"start":{"line":5,"column":32},"end":{"line":7,"column":null}},"1":{"start":{"line":9,"column":31},"end":{"line":11,"column":null}},"2":{"start":{"line":13,"column":30},"end":{"line":16,"column":null}},"3":{"start":{"line":18,"column":34},"end":{"line":22,"column":null}}},"fnMap":{},"branchMap":{},"s":{"0":4,"1":4,"2":4,"3":4},"f":{},"b":{},"meta":{"lastBranch":0,"lastFunction":0,"lastStatement":4,"seen":{"s:5:32:7:Infinity":0,"s:9:31:11:Infinity":1,"s:13:30:16:Infinity":2,"s:18:34:22:Infinity":3}}}
,"/Users/aungmyotun/Learning/NodeJs/festify-demo-api/fastify-demo-api/src/modules/user/user.service.ts": {"path":"/Users/aungmyotun/Learning/NodeJs/festify-demo-api/fastify-demo-api/src/modules/user/user.service.ts","statementMap":{"0":{"start":{"line":6,"column":31},"end":{"line":6,"column":53}},"1":{"start":{"line":9,"column":21},"end":{"line":9,"column":null}},"2":{"start":{"line":10,"column":4},"end":{"line":12,"column":null}},"3":{"start":{"line":11,"column":6},"end":{"line":11,"column":null}},"4":{"start":{"line":14,"column":23},"end":{"line":19,"column":null}},"5":{"start":{"line":20,"column":4},"end":{"line":20,"column":null}},"6":{"start":{"line":24,"column":17},"end":{"line":24,"column":null}},"7":{"start":{"line":25,"column":4},"end":{"line":27,"column":null}},"8":{"start":{"line":26,"column":6},"end":{"line":26,"column":null}},"9":{"start":{"line":28,"column":4},"end":{"line":28,"column":null}}},"fnMap":{"0":{"name":"(anonymous_0)","decl":{"start":{"line":6,"column":2},"end":{"line":6,"column":31}},"loc":{"start":{"line":6,"column":53},"end":{"line":6,"column":null}},"line":6},"1":{"name":"(anonymous_1)","decl":{"start":{"line":8,"column":8},"end":{"line":8,"column":15}},"loc":{"start":{"line":8,"column":54},"end":{"line":21,"column":null}},"line":8},"2":{"name":"(anonymous_2)","decl":{"start":{"line":23,"column":8},"end":{"line":23,"column":17}},"loc":{"start":{"line":23,"column":44},"end":{"line":29,"column":null}},"line":23}},"branchMap":{"0":{"loc":{"start":{"line":10,"column":4},"end":{"line":12,"column":null}},"type":"if","locations":[{"start":{"line":10,"column":4},"end":{"line":12,"column":null}},{"start":{},"end":{}}],"line":10},"1":{"loc":{"start":{"line":25,"column":4},"end":{"line":27,"column":null}},"type":"if","locations":[{"start":{"line":25,"column":4},"end":{"line":27,"column":null}},{"start":{},"end":{}}],"line":25}},"s":{"0":4,"1":3,"2":3,"3":1,"4":2,"5":2,"6":6,"7":4,"8":2,"9":2},"f":{"0":4,"1":3,"2":6},"b":{"0":[1,2],"1":[2,2]},"meta":{"lastBranch":2,"lastFunction":3,"lastStatement":10,"seen":{"f:6:2:6:31":0,"s:6:31:6:53":0,"f:8:8:8:15":1,"s:9:21:9:Infinity":1,"b:10:4:12:Infinity:undefined:undefined:undefined:undefined":0,"s:10:4:12:Infinity":2,"s:11:6:11:Infinity":3,"s:14:23:19:Infinity":4,"s:20:4:20:Infinity":5,"f:23:8:23:17":2,"s:24:17:24:Infinity":6,"b:25:4:27:Infinity:undefined:undefined:undefined:undefined":1,"s:25:4:27:Infinity":7,"s:26:6:26:Infinity":8,"s:28:4:28:Infinity":9}}}
,"/Users/aungmyotun/Learning/NodeJs/festify-demo-api/fastify-demo-api/src/modules/user/user.types.ts": {"path":"/Users/aungmyotun/Learning/NodeJs/festify-demo-api/fastify-demo-api/src/modules/user/user.types.ts","statementMap":{},"fnMap":{},"branchMap":{},"s":{},"f":{},"b":{},"meta":{"lastBranch":0,"lastFunction":0,"lastStatement":0,"seen":{}}}
,"/Users/aungmyotun/Learning/NodeJs/festify-demo-api/fastify-demo-api/src/plugins/auth.ts": {"path":"/Users/aungmyotun/Learning/NodeJs/festify-demo-api/fastify-demo-api/src/plugins/auth.ts","statementMap":{"0":{"start":{"line":5,"column":22},"end":{"line":5,"column":null}},"1":{"start":{"line":7,"column":13},"end":{"line":30,"column":null}},"2":{"start":{"line":8,"column":2},"end":{"line":8,"column":null}},"3":{"start":{"line":10,"column":2},"end":{"line":29,"column":null}},"4":{"start":{"line":11,"column":4},"end":{"line":13,"column":null}},"5":{"start":{"line":12,"column":6},"end":{"line":12,"column":null}},"6":{"start":{"line":14,"column":17},"end":{"line":14,"column":null}},"7":{"start":{"line":15,"column":4},"end":{"line":17,"column":null}},"8":{"start":{"line":16,"column":6},"end":{"line":16,"column":null}},"9":{"start":{"line":19,"column":26},"end":{"line":19,"column":null}},"10":{"start":{"line":21,"column":4},"end":{"line":23,"column":null}},"11":{"start":{"line":22,"column":6},"end":{"line":22,"column":null}},"12":{"start":{"line":25,"column":4},"end":{"line":28,"column":null}}},"fnMap":{"0":{"name":"(anonymous_0)","decl":{"start":{"line":7,"column":49},"end":{"line":7,"column":56}},"loc":{"start":{"line":7,"column":68},"end":{"line":30,"column":1}},"line":7},"1":{"name":"(anonymous_1)","decl":{"start":{"line":10,"column":32},"end":{"line":10,"column":39}},"loc":{"start":{"line":10,"column":58},"end":{"line":29,"column":3}},"line":10}},"branchMap":{"0":{"loc":{"start":{"line":11,"column":4},"end":{"line":13,"column":null}},"type":"if","locations":[{"start":{"line":11,"column":4},"end":{"line":13,"column":null}},{"start":{},"end":{}}],"line":11},"1":{"loc":{"start":{"line":15,"column":4},"end":{"line":17,"column":null}},"type":"if","locations":[{"start":{"line":15,"column":4},"end":{"line":17,"column":null}},{"start":{},"end":{}}],"line":15},"2":{"loc":{"start":{"line":21,"column":4},"end":{"line":23,"column":null}},"type":"if","locations":[{"start":{"line":21,"column":4},"end":{"line":23,"column":null}},{"start":{},"end":{}}],"line":21},"3":{"loc":{"start":{"line":21,"column":8},"end":{"line":21,"column":54}},"type":"binary-expr","locations":[{"start":{"line":21,"column":8},"end":{"line":21,"column":29}},{"start":{"line":21,"column":29},"end":{"line":21,"column":54}}],"line":21}},"s":{"0":4,"1":4,"2":4,"3":4,"4":17,"5":0,"6":17,"7":17,"8":5,"9":12,"10":12,"11":3,"12":9},"f":{"0":4,"1":17},"b":{"0":[0,17],"1":[5,12],"2":[3,9],"3":[12,11]},"meta":{"lastBranch":4,"lastFunction":2,"lastStatement":13,"seen":{"s:5:22:5:Infinity":0,"s:7:13:30:Infinity":1,"f:7:49:7:56":0,"s:8:2:8:Infinity":2,"s:10:2:29:Infinity":3,"f:10:32:10:39":1,"b:11:4:13:Infinity:undefined:undefined:undefined:undefined":0,"s:11:4:13:Infinity":4,"s:12:6:12:Infinity":5,"s:14:17:14:Infinity":6,"b:15:4:17:Infinity:undefined:undefined:undefined:undefined":1,"s:15:4:17:Infinity":7,"s:16:6:16:Infinity":8,"s:19:26:19:Infinity":9,"b:21:4:23:Infinity:undefined:undefined:undefined:undefined":2,"s:21:4:23:Infinity":10,"b:21:8:21:29:21:29:21:54":3,"s:22:6:22:Infinity":11,"s:25:4:28:Infinity":12}}}
,"/Users/aungmyotun/Learning/NodeJs/festify-demo-api/fastify-demo-api/src/plugins/error-handler.ts": {"path":"/Users/aungmyotun/Learning/NodeJs/festify-demo-api/fastify-demo-api/src/plugins/error-handler.ts","statementMap":{"0":{"start":{"line":11,"column":2},"end":{"line":36,"column":null}},"1":{"start":{"line":12,"column":4},"end":{"line":21,"column":null}},"2":{"start":{"line":13,"column":30},"end":{"line":15,"column":null}},"3":{"start":{"line":17,"column":6},"end":{"line":20,"column":null}},"4":{"start":{"line":23,"column":4},"end":{"line":28,"column":null}},"5":{"start":{"line":24,"column":6},"end":{"line":27,"column":null}},"6":{"start":{"line":30,"column":4},"end":{"line":30,"column":null}},"7":{"start":{"line":31,"column":26},"end":{"line":31,"column":null}},"8":{"start":{"line":32,"column":4},"end":{"line":35,"column":null}}},"fnMap":{"0":{"name":"errorHandler","decl":{"start":{"line":10,"column":22},"end":{"line":10,"column":35}},"loc":{"start":{"line":10,"column":57},"end":{"line":37,"column":null}},"line":10},"1":{"name":"(anonymous_1)","decl":{"start":{"line":11,"column":22},"end":{"line":11,"column":23}},"loc":{"start":{"line":11,"column":49},"end":{"line":36,"column":3}},"line":11}},"branchMap":{"0":{"loc":{"start":{"line":12,"column":4},"end":{"line":21,"column":null}},"type":"if","locations":[{"start":{"line":12,"column":4},"end":{"line":21,"column":null}},{"start":{},"end":{}}],"line":12},"1":{"loc":{"start":{"line":12,"column":4},"end":{"line":12,"column":61}},"type":"binary-expr","locations":[{"start":{"line":12,"column":4},"end":{"line":12,"column":43}},{"start":{"line":12,"column":43},"end":{"line":12,"column":61}}],"line":12},"2":{"loc":{"start":{"line":23,"column":4},"end":{"line":28,"column":null}},"type":"if","locations":[{"start":{"line":23,"column":4},"end":{"line":28,"column":null}},{"start":{},"end":{}}],"line":23}},"s":{"0":4,"1":23,"2":9,"3":9,"4":14,"5":11,"6":3,"7":3,"8":3},"f":{"0":4,"1":23},"b":{"0":[9,14],"1":[23,9],"2":[11,3]},"meta":{"lastBranch":3,"lastFunction":2,"lastStatement":9,"seen":{"f:10:22:10:35":0,"s:11:2:36:Infinity":0,"f:11:22:11:23":1,"b:12:4:21:Infinity:undefined:undefined:undefined:undefined":0,"s:12:4:21:Infinity":1,"b:12:4:12:43:12:43:12:61":1,"s:13:30:15:Infinity":2,"s:17:6:20:Infinity":3,"b:23:4:28:Infinity:undefined:undefined:undefined:undefined":2,"s:23:4:28:Infinity":4,"s:24:6:27:Infinity":5,"s:30:4:30:Infinity":6,"s:31:26:31:Infinity":7,"s:32:4:35:Infinity":8}}}
,"/Users/aungmyotun/Learning/NodeJs/festify-demo-api/fastify-demo-api/src/plugins/require-role.ts": {"path":"/Users/aungmyotun/Learning/NodeJs/festify-demo-api/fastify-demo-api/src/plugins/require-role.ts","statementMap":{"0":{"start":{"line":5,"column":27},"end":{"line":16,"column":null}},"1":{"start":{"line":5,"column":28},"end":{"line":16,"column":null}},"2":{"start":{"line":7,"column":4},"end":{"line":15,"column":null}},"3":{"start":{"line":8,"column":6},"end":{"line":10,"column":null}},"4":{"start":{"line":9,"column":8},"end":{"line":9,"column":null}},"5":{"start":{"line":12,"column":6},"end":{"line":14,"column":null}},"6":{"start":{"line":13,"column":8},"end":{"line":13,"column":null}}},"fnMap":{"0":{"name":"(anonymous_0)","decl":{"start":{"line":5,"column":27},"end":{"line":5,"column":28}},"loc":{"start":{"line":5,"column":28},"end":{"line":16,"column":null}},"line":5},"1":{"name":"(anonymous_1)","decl":{"start":{"line":6,"column":5},"end":{"line":6,"column":12}},"loc":{"start":{"line":6,"column":20},"end":{"line":16,"column":3}},"line":6},"2":{"name":"(anonymous_2)","decl":{"start":{"line":7,"column":30},"end":{"line":7,"column":37}},"loc":{"start":{"line":7,"column":49},"end":{"line":15,"column":5}},"line":7}},"branchMap":{"0":{"loc":{"start":{"line":8,"column":6},"end":{"line":10,"column":null}},"type":"if","locations":[{"start":{"line":8,"column":6},"end":{"line":10,"column":null}},{"start":{},"end":{}}],"line":8},"1":{"loc":{"start":{"line":12,"column":6},"end":{"line":14,"column":null}},"type":"if","locations":[{"start":{"line":12,"column":6},"end":{"line":14,"column":null}},{"start":{},"end":{}}],"line":12}},"s":{"0":4,"1":4,"2":4,"3":9,"4":0,"5":9,"6":0},"f":{"0":4,"1":4,"2":9},"b":{"0":[0,9],"1":[0,9]},"meta":{"lastBranch":2,"lastFunction":3,"lastStatement":7,"seen":{"s:5:27:16:Infinity":0,"f:5:27:5:28":0,"s:5:28:16:Infinity":1,"f:6:5:6:12":1,"s:7:4:15:Infinity":2,"f:7:30:7:37":2,"b:8:6:10:Infinity:undefined:undefined:undefined:undefined":0,"s:8:6:10:Infinity":3,"s:9:8:9:Infinity":4,"b:12:6:14:Infinity:undefined:undefined:undefined:undefined":1,"s:12:6:14:Infinity":5,"s:13:8:13:Infinity":6}}}
,"/Users/aungmyotun/Learning/NodeJs/festify-demo-api/fastify-demo-api/src/plugins/zod.ts": {"path":"/Users/aungmyotun/Learning/NodeJs/festify-demo-api/fastify-demo-api/src/plugins/zod.ts","statementMap":{"0":{"start":{"line":8,"column":2},"end":{"line":8,"column":null}},"1":{"start":{"line":9,"column":2},"end":{"line":9,"column":null}}},"fnMap":{"0":{"name":"zodPlugin","decl":{"start":{"line":7,"column":22},"end":{"line":7,"column":32}},"loc":{"start":{"line":7,"column":54},"end":{"line":10,"column":null}},"line":7}},"branchMap":{},"s":{"0":4,"1":4},"f":{"0":4},"b":{},"meta":{"lastBranch":0,"lastFunction":1,"lastStatement":2,"seen":{"f:7:22:7:32":0,"s:8:2:8:Infinity":0,"s:9:2:9:Infinity":1}}}
,"/Users/aungmyotun/Learning/NodeJs/festify-demo-api/fastify-demo-api/src/shared/base.controller.ts": {"path":"/Users/aungmyotun/Learning/NodeJs/festify-demo-api/fastify-demo-api/src/shared/base.controller.ts","statementMap":{"0":{"start":{"line":7,"column":4},"end":{"line":9,"column":null}},"1":{"start":{"line":8,"column":6},"end":{"line":8,"column":null}},"2":{"start":{"line":13,"column":4},"end":{"line":13,"column":null}},"3":{"start":{"line":17,"column":4},"end":{"line":17,"column":null}},"4":{"start":{"line":21,"column":4},"end":{"line":21,"column":null}},"5":{"start":{"line":25,"column":4},"end":{"line":25,"column":null}},"6":{"start":{"line":29,"column":4},"end":{"line":29,"column":null}},"7":{"start":{"line":33,"column":4},"end":{"line":33,"column":null}}},"fnMap":{"0":{"name":"(anonymous_0)","decl":{"start":{"line":4,"column":12},"end":{"line":4,"column":null}},"loc":{"start":{"line":6,"column":4},"end":{"line":10,"column":null}},"line":6},"1":{"name":"(anonymous_1)","decl":{"start":{"line":7,"column":11},"end":{"line":7,"column":18}},"loc":{"start":{"line":7,"column":63},"end":{"line":9,"column":null}},"line":7},"2":{"name":"(anonymous_2)","decl":{"start":{"line":12,"column":12},"end":{"line":12,"column":23}},"loc":{"start":{"line":12,"column":53},"end":{"line":14,"column":null}},"line":12},"3":{"name":"(anonymous_3)","decl":{"start":{"line":16,"column":12},"end":{"line":16,"column":18}},"loc":{"start":{"line":16,"column":48},"end":{"line":18,"column":null}},"line":16},"4":{"name":"(anonymous_4)","decl":{"start":{"line":20,"column":12},"end":{"line":20,"column":22}},"loc":{"start":{"line":20,"column":43},"end":{"line":22,"column":null}},"line":20},"5":{"name":"(anonymous_5)","decl":{"start":{"line":24,"column":12},"end":{"line":24,"column":23}},"loc":{"start":{"line":24,"column":56},"end":{"line":26,"column":null}},"line":24},"6":{"name":"(anonymous_6)","decl":{"start":{"line":28,"column":12},"end":{"line":28,"column":21}},"loc":{"start":{"line":28,"column":42},"end":{"line":30,"column":null}},"line":28},"7":{"name":"(anonymous_7)","decl":{"start":{"line":32,"column":12},"end":{"line":32,"column":26}},"loc":{"start":{"line":32,"column":59},"end":{"line":34,"column":null}},"line":32}},"branchMap":{},"s":{"0":8,"1":9,"2":1,"3":2,"4":0,"5":0,"6":0,"7":0},"f":{"0":8,"1":9,"2":1,"3":2,"4":0,"5":0,"6":0,"7":0},"b":{},"meta":{"lastBranch":0,"lastFunction":8,"lastStatement":8,"seen":{"f:4:12:4:Infinity":0,"s:7:4:9:Infinity":0,"f:7:11:7:18":1,"s:8:6:8:Infinity":1,"f:12:12:12:23":2,"s:13:4:13:Infinity":2,"f:16:12:16:18":3,"s:17:4:17:Infinity":3,"f:20:12:20:22":4,"s:21:4:21:Infinity":4,"f:24:12:24:23":5,"s:25:4:25:Infinity":5,"f:28:12:28:21":6,"s:29:4:29:Infinity":6,"f:32:12:32:26":7,"s:33:4:33:Infinity":7}}}
,"/Users/aungmyotun/Learning/NodeJs/festify-demo-api/fastify-demo-api/src/shared/errors/authorization-error.ts": {"path":"/Users/aungmyotun/Learning/NodeJs/festify-demo-api/fastify-demo-api/src/shared/errors/authorization-error.ts","statementMap":{"0":{"start":{"line":9,"column":4},"end":{"line":9,"column":null}},"1":{"start":{"line":4,"column":2},"end":{"line":4,"column":null}},"2":{"start":{"line":5,"column":2},"end":{"line":5,"column":null}},"3":{"start":{"line":6,"column":2},"end":{"line":6,"column":null}}},"fnMap":{"0":{"name":"(anonymous_0)","decl":{"start":{"line":8,"column":2},"end":{"line":8,"column":14}},"loc":{"start":{"line":8,"column":79},"end":{"line":10,"column":null}},"line":8}},"branchMap":{"0":{"loc":{"start":{"line":8,"column":14},"end":{"line":8,"column":79}},"type":"default-arg","locations":[{"start":{"line":8,"column":24},"end":{"line":8,"column":79}}],"line":8}},"s":{"0":8,"1":8,"2":8,"3":8},"f":{"0":8},"b":{"0":[8]},"meta":{"lastBranch":1,"lastFunction":1,"lastStatement":4,"seen":{"f:8:2:8:14":0,"b:8:24:8:79":0,"s:9:4:9:Infinity":0,"s:4:2:4:Infinity":1,"s:5:2:5:Infinity":2,"s:6:2:6:Infinity":3}}}
,"/Users/aungmyotun/Learning/NodeJs/festify-demo-api/fastify-demo-api/src/shared/errors/conflict.error.ts": {"path":"/Users/aungmyotun/Learning/NodeJs/festify-demo-api/fastify-demo-api/src/shared/errors/conflict.error.ts","statementMap":{"0":{"start":{"line":10,"column":4},"end":{"line":10,"column":null}},"1":{"start":{"line":4,"column":2},"end":{"line":4,"column":null}},"2":{"start":{"line":5,"column":2},"end":{"line":5,"column":null}},"3":{"start":{"line":6,"column":2},"end":{"line":6,"column":null}}},"fnMap":{"0":{"name":"(anonymous_0)","decl":{"start":{"line":7,"column":2},"end":{"line":7,"column":null}},"loc":{"start":{"line":9,"column":4},"end":{"line":11,"column":null}},"line":9}},"branchMap":{"0":{"loc":{"start":{"line":8,"column":4},"end":{"line":8,"column":null}},"type":"default-arg","locations":[{"start":{"line":8,"column":14},"end":{"line":8,"column":null}}],"line":8}},"s":{"0":1,"1":1,"2":1,"3":1},"f":{"0":1},"b":{"0":[1]},"meta":{"lastBranch":1,"lastFunction":1,"lastStatement":4,"seen":{"f:7:2:7:Infinity":0,"b:8:14:8:Infinity":0,"s:10:4:10:Infinity":0,"s:4:2:4:Infinity":1,"s:5:2:5:Infinity":2,"s:6:2:6:Infinity":3}}}
,"/Users/aungmyotun/Learning/NodeJs/festify-demo-api/fastify-demo-api/src/shared/errors/forbidden-error.ts": {"path":"/Users/aungmyotun/Learning/NodeJs/festify-demo-api/fastify-demo-api/src/shared/errors/forbidden-error.ts","statementMap":{"0":{"start":{"line":9,"column":4},"end":{"line":9,"column":null}},"1":{"start":{"line":4,"column":2},"end":{"line":4,"column":null}},"2":{"start":{"line":5,"column":2},"end":{"line":5,"column":null}},"3":{"start":{"line":6,"column":2},"end":{"line":6,"column":null}}},"fnMap":{"0":{"name":"(anonymous_0)","decl":{"start":{"line":8,"column":2},"end":{"line":8,"column":14}},"loc":{"start":{"line":8,"column":79},"end":{"line":10,"column":null}},"line":8}},"branchMap":{"0":{"loc":{"start":{"line":8,"column":14},"end":{"line":8,"column":79}},"type":"default-arg","locations":[{"start":{"line":8,"column":24},"end":{"line":8,"column":79}}],"line":8}},"s":{"0":0,"1":0,"2":0,"3":0},"f":{"0":0},"b":{"0":[0]},"meta":{"lastBranch":1,"lastFunction":1,"lastStatement":4,"seen":{"f:8:2:8:14":0,"b:8:24:8:79":0,"s:9:4:9:Infinity":0,"s:4:2:4:Infinity":1,"s:5:2:5:Infinity":2,"s:6:2:6:Infinity":3}}}
,"/Users/aungmyotun/Learning/NodeJs/festify-demo-api/fastify-demo-api/src/shared/errors/http-error.ts": {"path":"/Users/aungmyotun/Learning/NodeJs/festify-demo-api/fastify-demo-api/src/shared/errors/http-error.ts","statementMap":{"0":{"start":{"line":16,"column":4},"end":{"line":16,"column":null}},"1":{"start":{"line":17,"column":4},"end":{"line":17,"column":null}},"2":{"start":{"line":21,"column":4},"end":{"line":26,"column":null}}},"fnMap":{"0":{"name":"(anonymous_0)","decl":{"start":{"line":15,"column":12},"end":{"line":15,"column":24}},"loc":{"start":{"line":15,"column":41},"end":{"line":18,"column":null}},"line":15},"1":{"name":"(anonymous_1)","decl":{"start":{"line":20,"column":2},"end":{"line":20,"column":30}},"loc":{"start":{"line":20,"column":30},"end":{"line":27,"column":null}},"line":20}},"branchMap":{},"s":{"0":23,"1":23,"2":23},"f":{"0":23,"1":23},"b":{},"meta":{"lastBranch":0,"lastFunction":2,"lastStatement":3,"seen":{"f:15:12:15:24":0,"s:16:4:16:Infinity":0,"s:17:4:17:Infinity":1,"f:20:2:20:30":1,"s:21:4:26:Infinity":2}}}
,"/Users/aungmyotun/Learning/NodeJs/festify-demo-api/fastify-demo-api/src/shared/errors/index.ts": {"path":"/Users/aungmyotun/Learning/NodeJs/festify-demo-api/fastify-demo-api/src/shared/errors/index.ts","statementMap":{},"fnMap":{},"branchMap":{},"s":{},"f":{},"b":{},"meta":{"lastBranch":0,"lastFunction":0,"lastStatement":0,"seen":{}}}
,"/Users/aungmyotun/Learning/NodeJs/festify-demo-api/fastify-demo-api/src/shared/errors/internal-server-error.ts": {"path":"/Users/aungmyotun/Learning/NodeJs/festify-demo-api/fastify-demo-api/src/shared/errors/internal-server-error.ts","statementMap":{"0":{"start":{"line":11,"column":4},"end":{"line":11,"column":null}},"1":{"start":{"line":4,"column":2},"end":{"line":4,"column":null}},"2":{"start":{"line":5,"column":2},"end":{"line":5,"column":null}},"3":{"start":{"line":6,"column":2},"end":{"line":6,"column":null}}},"fnMap":{"0":{"name":"(anonymous_0)","decl":{"start":{"line":8,"column":2},"end":{"line":8,"column":null}},"loc":{"start":{"line":10,"column":4},"end":{"line":12,"column":null}},"line":10}},"branchMap":{"0":{"loc":{"start":{"line":9,"column":4},"end":{"line":9,"column":null}},"type":"default-arg","locations":[{"start":{"line":9,"column":14},"end":{"line":9,"column":null}}],"line":9}},"s":{"0":3,"1":3,"2":3,"3":3},"f":{"0":3},"b":{"0":[3]},"meta":{"lastBranch":1,"lastFunction":1,"lastStatement":4,"seen":{"f:8:2:8:Infinity":0,"b:9:14:9:Infinity":0,"s:11:4:11:Infinity":0,"s:4:2:4:Infinity":1,"s:5:2:5:Infinity":2,"s:6:2:6:Infinity":3}}}
,"/Users/aungmyotun/Learning/NodeJs/festify-demo-api/fastify-demo-api/src/shared/errors/not-found.error.ts": {"path":"/Users/aungmyotun/Learning/NodeJs/festify-demo-api/fastify-demo-api/src/shared/errors/not-found.error.ts","statementMap":{"0":{"start":{"line":9,"column":4},"end":{"line":9,"column":null}},"1":{"start":{"line":4,"column":2},"end":{"line":4,"column":null}},"2":{"start":{"line":5,"column":2},"end":{"line":5,"column":null}},"3":{"start":{"line":6,"column":2},"end":{"line":6,"column":null}}},"fnMap":{"0":{"name":"(anonymous_0)","decl":{"start":{"line":8,"column":2},"end":{"line":8,"column":14}},"loc":{"start":{"line":8,"column":65},"end":{"line":10,"column":null}},"line":8}},"branchMap":{"0":{"loc":{"start":{"line":8,"column":14},"end":{"line":8,"column":65}},"type":"default-arg","locations":[{"start":{"line":8,"column":24},"end":{"line":8,"column":65}}],"line":8}},"s":{"0":2,"1":2,"2":2,"3":2},"f":{"0":2},"b":{"0":[2]},"meta":{"lastBranch":1,"lastFunction":1,"lastStatement":4,"seen":{"f:8:2:8:14":0,"b:8:24:8:65":0,"s:9:4:9:Infinity":0,"s:4:2:4:Infinity":1,"s:5:2:5:Infinity":2,"s:6:2:6:Infinity":3}}}
,"/Users/aungmyotun/Learning/NodeJs/festify-demo-api/fastify-demo-api/src/shared/errors/validation-error.ts": {"path":"/Users/aungmyotun/Learning/NodeJs/festify-demo-api/fastify-demo-api/src/shared/errors/validation-error.ts","statementMap":{"0":{"start":{"line":10,"column":2},"end":{"line":10,"column":null}},"1":{"start":{"line":14,"column":15},"end":{"line":14,"column":null}},"2":{"start":{"line":16,"column":2},"end":{"line":16,"column":null}},"3":{"start":{"line":25,"column":41},"end":{"line":25,"column":null}},"4":{"start":{"line":27,"column":2},"end":{"line":31,"column":null}},"5":{"start":{"line":28,"column":18},"end":{"line":28,"column":null}},"6":{"start":{"line":30,"column":4},"end":{"line":30,"column":null}},"7":{"start":{"line":33,"column":2},"end":{"line":33,"column":null}},"8":{"start":{"line":45,"column":4},"end":{"line":45,"column":null}},"9":{"start":{"line":42,"column":20},"end":{"line":42,"column":null}},"10":{"start":{"line":37,"column":2},"end":{"line":37,"column":null}},"11":{"start":{"line":38,"column":2},"end":{"line":38,"column":null}},"12":{"start":{"line":39,"column":2},"end":{"line":39,"column":null}},"13":{"start":{"line":49,"column":4},"end":{"line":52,"column":null}}},"fnMap":{"0":{"name":"isFastifyValidationError","decl":{"start":{"line":4,"column":16},"end":{"line":4,"column":null}},"loc":{"start":{"line":9,"column":2},"end":{"line":11,"column":null}},"line":9},"1":{"name":"normalizePath","decl":{"start":{"line":13,"column":9},"end":{"line":13,"column":23}},"loc":{"start":{"line":13,"column":71},"end":{"line":17,"column":null}},"line":13},"2":{"name":"formatValidationErrors","decl":{"start":{"line":19,"column":16},"end":{"line":19,"column":null}},"loc":{"start":{"line":24,"column":26},"end":{"line":34,"column":null}},"line":24},"3":{"name":"(anonymous_3)","decl":{"start":{"line":41,"column":2},"end":{"line":41,"column":null}},"loc":{"start":{"line":44,"column":4},"end":{"line":46,"column":null}},"line":44},"4":{"name":"(anonymous_4)","decl":{"start":{"line":48,"column":11},"end":{"line":48,"column":23}},"loc":{"start":{"line":48,"column":23},"end":{"line":53,"column":null}},"line":48}},"branchMap":{"0":{"loc":{"start":{"line":10,"column":9},"end":{"line":10,"column":null}},"type":"binary-expr","locations":[{"start":{"line":10,"column":9},"end":{"line":10,"column":38}},{"start":{"line":10,"column":38},"end":{"line":10,"column":56}},{"start":{"line":10,"column":56},"end":{"line":10,"column":null}}],"line":10},"1":{"loc":{"start":{"line":16,"column":9},"end":{"line":16,"column":null}},"type":"cond-expr","locations":[{"start":{"line":16,"column":20},"end":{"line":16,"column":61}},{"start":{"line":16,"column":61},"end":{"line":16,"column":null}}],"line":16},"2":{"loc":{"start":{"line":16,"column":20},"end":{"line":16,"column":61}},"type":"cond-expr","locations":[{"start":{"line":16,"column":27},"end":{"line":16,"column":50}},{"start":{"line":16,"column":50},"end":{"line":16,"column":61}}],"line":16},"3":{"loc":{"start":{"line":16,"column":61},"end":{"line":16,"column":null}},"type":"binary-expr","locations":[{"start":{"line":16,"column":61},"end":{"line":16,"column":69}},{"start":{"line":16,"column":69},"end":{"line":16,"column":null}}],"line":16},"4":{"loc":{"start":{"line":43,"column":4},"end":{"line":43,"column":null}},"type":"default-arg","locations":[{"start":{"line":43,"column":14},"end":{"line":43,"column":null}}],"line":43}},"s":{"0":23,"1":10,"2":10,"3":9,"4":9,"5":10,"6":10,"7":9,"8":9,"9":9,"10":9,"11":9,"12":9,"13":9},"f":{"0":23,"1":10,"2":9,"3":9,"4":9},"b":{"0":[23,23,23],"1":[10,0],"2":[9,1],"3":[0,0],"4":[9]},"meta":{"lastBranch":5,"lastFunction":5,"lastStatement":14,"seen":{"f:4:16:4:Infinity":0,"s:10:2:10:Infinity":0,"b:10:9:10:38:10:38:10:56:10:56:10:Infinity":0,"f:13:9:13:23":1,"s:14:15:14:Infinity":1,"s:16:2:16:Infinity":2,"b:16:20:16:61:16:61:16:Infinity":1,"b:16:27:16:50:16:50:16:61":2,"b:16:61:16:69:16:69:16:Infinity":3,"f:19:16:19:Infinity":2,"s:25:41:25:Infinity":3,"s:27:2:31:Infinity":4,"s:28:18:28:Infinity":5,"s:30:4:30:Infinity":6,"s:33:2:33:Infinity":7,"f:41:2:41:Infinity":3,"b:43:14:43:Infinity":4,"s:45:4:45:Infinity":8,"s:42:20:42:Infinity":9,"s:37:2:37:Infinity":10,"s:38:2:38:Infinity":11,"s:39:2:39:Infinity":12,"f:48:11:48:23":4,"s:49:4:52:Infinity":13}}}
,"/Users/aungmyotun/Learning/NodeJs/festify-demo-api/fastify-demo-api/src/shared/types/auth.ts": {"path":"/Users/aungmyotun/Learning/NodeJs/festify-demo-api/fastify-demo-api/src/shared/types/auth.ts","statementMap":{},"fnMap":{},"branchMap":{},"s":{},"f":{},"b":{},"meta":{"lastBranch":0,"lastFunction":0,"lastStatement":0,"seen":{}}}
,"/Users/aungmyotun/Learning/NodeJs/festify-demo-api/fastify-demo-api/src/shared/types/repository.ts": {"path":"/Users/aungmyotun/Learning/NodeJs/festify-demo-api/fastify-demo-api/src/shared/types/repository.ts","statementMap":{},"fnMap":{},"branchMap":{},"s":{},"f":{},"b":{},"meta":{"lastBranch":0,"lastFunction":0,"lastStatement":0,"seen":{}}}
,"/Users/aungmyotun/Learning/NodeJs/festify-demo-api/fastify-demo-api/src/shared/validators/number.ts": {"path":"/Users/aungmyotun/Learning/NodeJs/festify-demo-api/fastify-demo-api/src/shared/validators/number.ts","statementMap":{"0":{"start":{"line":3,"column":27},"end":{"line":7,"column":null}},"1":{"start":{"line":4,"column":2},"end":{"line":7,"column":null}}},"fnMap":{"0":{"name":"(anonymous_0)","decl":{"start":{"line":3,"column":27},"end":{"line":3,"column":28}},"loc":{"start":{"line":4,"column":2},"end":{"line":7,"column":null}},"line":4}},"branchMap":{},"s":{"0":4,"1":4},"f":{"0":4},"b":{},"meta":{"lastBranch":0,"lastFunction":1,"lastStatement":2,"seen":{"s:3:27:7:Infinity":0,"f:3:27:3:28":0,"s:4:2:7:Infinity":1}}}
,"/Users/aungmyotun/Learning/NodeJs/festify-demo-api/fastify-demo-api/src/shared/validators/string.ts": {"path":"/Users/aungmyotun/Learning/NodeJs/festify-demo-api/fastify-demo-api/src/shared/validators/string.ts","statementMap":{"0":{"start":{"line":3,"column":30},"end":{"line":6,"column":null}},"1":{"start":{"line":4,"column":2},"end":{"line":6,"column":null}},"2":{"start":{"line":8,"column":29},"end":{"line":13,"column":null}},"3":{"start":{"line":9,"column":2},"end":{"line":13,"column":null}},"4":{"start":{"line":13,"column":22},"end":{"line":13,"column":34}}},"fnMap":{"0":{"name":"(anonymous_0)","decl":{"start":{"line":3,"column":30},"end":{"line":3,"column":31}},"loc":{"start":{"line":4,"column":2},"end":{"line":6,"column":null}},"line":4},"1":{"name":"(anonymous_1)","decl":{"start":{"line":8,"column":29},"end":{"line":8,"column":30}},"loc":{"start":{"line":9,"column":2},"end":{"line":13,"column":null}},"line":9},"2":{"name":"(anonymous_2)","decl":{"start":{"line":13,"column":15},"end":{"line":13,"column":16}},"loc":{"start":{"line":13,"column":22},"end":{"line":13,"column":34}},"line":13}},"branchMap":{},"s":{"0":4,"1":8,"2":4,"3":4,"4":4},"f":{"0":8,"1":4,"2":4},"b":{},"meta":{"lastBranch":0,"lastFunction":3,"lastStatement":5,"seen":{"s:3:30:6:Infinity":0,"f:3:30:3:31":0,"s:4:2:6:Infinity":1,"s:8:29:13:Infinity":2,"f:8:29:8:30":1,"s:9:2:13:Infinity":3,"f:13:15:13:16":2,"s:13:22:13:34":4}}}
,"/Users/aungmyotun/Learning/NodeJs/festify-demo-api/fastify-demo-api/src/types/fastify.d.ts": {"path":"/Users/aungmyotun/Learning/NodeJs/festify-demo-api/fastify-demo-api/src/types/fastify.d.ts","statementMap":{},"fnMap":{},"branchMap":{},"s":{},"f":{},"b":{},"meta":{"lastBranch":0,"lastFunction":0,"lastStatement":0,"seen":{}}}
}
